module-cache-reaper-Message: Reaping abandoned data directories
module-cache-reaper-Message: Reaping abandoned cache directories
Activating service name='com.canonical.Unity.Webapps.Service'
Successfully activated service 'com.canonical.Unity.Webapps.Service'
** Message: Investigating webapp: unity-webapps-common 


** (process:2787): WARNING **: Found newline before all of metadata, skipping app
** Message: Investigating webapp: unity-webapps-qml 


** (process:2787): WARNING **: Found newline before all of metadata, skipping app
** Message: Investigating webapp: unity-webapps-qml-doc 


** (process:2787): WARNING **: Found newline before all of metadata, skipping app
** Message: Investigating webapp: unity-webapps-qml-examples 


** (process:2787): WARNING **: Found newline before all of metadata, skipping app
** Message: Investigating webapp: unity-webapps-service 


** (process:2787): WARNING **: Found newline before all of metadata, skipping app
** Message: Investigating webapp: unity-webapps-amazoncloudreader 

** Message: Investigating webapp: unity-webapps-bbcnews 

** Message: Investigating webapp: unity-webapps-cnn-news 

** Message: Investigating webapp: unity-webapps-deezer 

** Message: Investigating webapp: unity-webapps-dev 


** (process:2787): WARNING **: Found newline before all of metadata, skipping app
** Message: Investigating webapp: unity-webapps-deviantart 

** Message: Investigating webapp: unity-webapps-facebookmessenger 

** Message: Investigating webapp: unity-webapps-googlenews 

** Message: Investigating webapp: unity-webapps-googleplusgames 


** (process:2787): WARNING **: Found newline before all of metadata, skipping app
** Message: Investigating webapp: unity-webapps-grooveshark 

** Message: Investigating webapp: unity-webapps-hulu-player 

** Message: Investigating webapp: unity-webapps-lastfm-radio 

** Message: Investigating webapp: unity-webapps-launchpad 

** Message: Investigating webapp: unity-webapps-librefm 

** Message: Investigating webapp: unity-webapps-linkedin 

** Message: Investigating webapp: unity-webapps-mail-ru 

** Message: Investigating webapp: unity-webapps-newsblur 

** Message: Investigating webapp: unity-webapps-pandora 

** Message: Investigating webapp: unity-webapps-pandora-com 

** Message: Investigating webapp: unity-webapps-qml-autopilot 


** (process:2787): WARNING **: Found newline before all of metadata, skipping app
** Message: Investigating webapp: unity-webapps-qq-mail 

** Message: Investigating webapp: unity-webapps-reddit 

** Message: Investigating webapp: unity-webapps-tumblr 

** Message: Investigating webapp: unity-webapps-twitter 

** Message: Investigating webapp: unity-webapps-vkcom 

** Message: Investigating webapp: unity-webapps-wordpress 

** Message: Investigating webapp: unity-webapps-wordpress-com 

** Message: Investigating webapp: unity-webapps-yahoonews 

** Message: Investigating webapp: unity-webapps-yandex-music 

** Message: Investigating webapp: unity-webapps-yandexmail 

** Message: Investigating webapp: unity-webapps-yandexmusic 

** Message: Investigating webapp: unity-webapps-yandexnews 

** Message: Investigating webapp: unity-webapps-gmail 

** Message: Investigating webapp: unity-webapps-googlecalendar 

** Message: Investigating webapp: unity-webapps-googledocs 

** Message: Investigating webapp: unity-webapps-googleplus 

** Message: Investigating webapp: unity-webapps-livemail 

** Message: Investigating webapp: unity-webapps-yahoomail 

** Message: Investigating webapp: unity-webapps-youtube 


** (process:2180): WARNING **: send_done_cb: No such interface 'org.gtk.vfs.Enumerator' on object at path /org/gtk/vfs/client/enumerator/2 (g-dbus-error-quark, 19)


** (process:2180): WARNING **: *** Unsupported operation detected on trash directory

** (process:2180): WARNING **:     A trash files/ directory should only have files linked or unlinked (via moves or deletes).  Some other operation has been detected on a file in the directory (eg: a file has been modified).  Likely, the data reported by the trash backend will now be inconsistent.

** (process:2180): WARNING **:   dir: /home/luigi/.local/share/Trash/files, file: divisiones.asm, type: 1



** (process:2180): WARNING **: *** Unsupported operation detected on trash directory

** (process:2180): WARNING **:   dir: /home/luigi/.local/share/Trash/files, file: f.2, type: 1



** (process:2180): WARNING **: *** Unsupported operation detected on trash directory

** (process:2180): WARNING **:   dir: /home/luigi/.local/share/Trash/files, file: f.2.lst, type: 1



** (process:2180): WARNING **: *** Unsupported operation detected on trash directory

** (process:2180): WARNING **:   dir: /home/luigi/.local/share/Trash/files, file: f.2.o, type: 1



** (process:2180): WARNING **: *** Unsupported operation detected on trash directory

** (process:2180): WARNING **:   dir: /home/luigi/.local/share/Trash/files, file: h.3, type: 1



** (process:2180): WARNING **: *** Unsupported operation detected on trash directory

** (process:2180): WARNING **:   dir: /home/luigi/.local/share/Trash/files, file: h.3.lst, type: 1



** (process:2180): WARNING **: *** Unsupported operation detected on trash directory

** (process:2180): WARNING **:   dir: /home/luigi/.local/share/Trash/files, file: h.3.o, type: 1



** (process:2180): WARNING **: *** Unsupported operation detected on trash directory

** (process:2180): WARNING **:   dir: /home/luigi/.local/share/Trash/files, file: puntos.2, type: 1



** (process:2180): WARNING **: *** Unsupported operation detected on trash directory

** (process:2180): WARNING **:   dir: /home/luigi/.local/share/Trash/files, file: puntos.2.lst, type: 1



** (process:2180): WARNING **: *** Unsupported operation detected on trash directory

** (process:2180): WARNING **:   dir: /home/luigi/.local/share/Trash/files, file: puntos.2.o, type: 1



** (process:2180): WARNING **: send_done_cb: No such interface 'org.gtk.vfs.Enumerator' on object at path /org/gtk/vfs/client/enumerator/4 (g-dbus-error-quark, 19)

Activating service name='com.ubuntu.OneConf'
Successfully activated service 'com.ubuntu.OneConf'
WARNING:oneconf.hosts:Error in loading other_hosts file: [Errno 2] No such file or directory: '/home/luigi/.cache/oneconf/25d1544f5ee5ed8aea7a1cda571881b9/other_hosts'
Activating service name='com.ubuntu.sso'
Successfully activated service 'com.ubuntu.sso'

** (zeitgeist-fts:2433): WARNING **: Unable to get info on application://nautilus-autostart.desktop

** (zeitgeist-fts:2433): WARNING **: Unable to get info on application://nautilus-autostart.desktop

** (process:2180): WARNING **: *** Unsupported operation detected on trash directory

** (process:2180): WARNING **:   dir: /home/luigi/.local/share/Trash/files, file: leeme.md, type: 1



** (process:2180): WARNING **: send_done_cb: No such interface 'org.gtk.vfs.Enumerator' on object at path /org/gtk/vfs/client/enumerator/24 (g-dbus-error-quark, 19)

Activating service name='com.ubuntu.sso'
Successfully activated service 'com.ubuntu.sso'
