     1                                  
     2                                  
     3                                  	
     4                                  Section .data
     5                                  ;42=punto
     6                                  ;45=linea horizontal
     7                                  ;32=espacio
     8                                  ;124=linea vertical
     9 00000000 2E202E202E202E0A        	arreglo db 46,32,46,32,46,32,46,10,
    10 00000008 202020202020200A        			db 32,32,32,32,32,32,32,10,
    11 00000010 2E202E202E202E0A        			db 46,32,46,32,46,32,46,10,
    12 00000018 202020202020200A        			db 32,32,32,32,32,32,32,10,
    13 00000020 2E202E202E202E0A        			db 46,32,46,32,46,32,46,10,
    14 00000028 202020202020200A        			db 32,32,32,32,32,32,32,10,
    15 00000030 2E202E202E202E0A0A      			db 46,32,46,32,46,32,46,10,10;
    16                                  			
    17                                  	
    18                                  	len: equ $-arreglo
    19                                  	
    20                                  
    21 00000039 08000000                	ocho dd 8
    22 0000003D 07000000                	siete dd 7
    23 00000041 4C000000                	letra dd 76
    24 00000045 20000000                	treintaydos dd 32
    25 00000049 2D000000                	cuarentacinco dd 45
    26 0000004D 7C000000                	cienveinticuatro dd 124
    27 00000051 2E000000                	cuarentaseis dd 46
    28                                  	
    29 00000055 646967697465207375-     	msj1 db "digite su x: "
    30 0000005E 20783A20           
    31                                  	len1 equ $-msj1
    32                                  	
    33 00000062 646967697465207375-     	msj2 db "digite su y: "
    34 0000006B 20793A20           
    35                                  	len2 equ $-msj2
    36                                  	
    37 0000006F 456E20657365206573-     	Error1 db "En ese espacio ya hay una raya. ",10
    38 00000078 706163696F20796120-
    39 00000081 68617920756E612072-
    40 0000008A 6179612E200A       
    41                                  	Error1len equ $-Error1
    42                                  	
    43 00000090 456E20657365206573-     	Error2 db "En ese espacio no se puede dibujar una raya. ",10
    44 00000099 706163696F206E6F20-
    45 000000A2 736520707565646520-
    46 000000AB 646962756A61722075-
    47 000000B4 6E6120726179612E20-
    48 000000BD 0A                 
    49                                  	Error2len equ $-Error2
    50                                  	
    51                                  Section .bss
    52 00000000 <res 00000001>          	res resb 1
    53 00000001 <res 00000008>          	punto resd 2
    54 00000009 <res 00000002>          	x resb 2
    55 0000000B <res 00000002>          	y resb 2
    56                                  	xlen equ 2
    57                                  	ylen equ 2
    58                                  
    59                                  	
    60                                  
    61                                  Section .text
    62                                  	global _start
    63                                  	
    64                                  	_start:
    65                                  
    66                                  			
    67 00000000 BF00000000              	mov edi,0
    68                                  		
    69                                  	Imprime_matriz:
    70                                  		
    71 00000005 8A87[00000000]          		mov al,[arreglo+edi]
    72 0000000B A2[00000000]            		mov [res],al
    73 00000010 BA01000000              		mov edx,1
    74 00000015 B9[00000000]            		mov ecx,res
    75                                  		
    76 0000001A BB01000000              		mov ebx,1
    77 0000001F B804000000              		mov eax,4
    78 00000024 CD80                    		int 0x80
    79                                  		
    80 00000026 47                      		inc edi
    81 00000027 83FF39                  		cmp edi,len
    82 0000002A 75D9                    		jne Imprime_matriz
    83                                  		
    84                                  
    85                                  		
    86                                  	solicita_punto:
    87                                  	
    88 0000002C B9[55000000]            		mov ecx,msj1
    89 00000031 BA0D000000              		mov edx,len1
    90 00000036 BB01000000              		mov ebx,1
    91 0000003B B804000000              		mov eax,4
    92 00000040 CD80                    		int 0x80
    93                                  		
    94 00000042 B9[09000000]            		mov ecx,x
    95 00000047 BA02000000              		mov edx,xlen
    96 0000004C BB00000000              		mov ebx,0
    97 00000051 B803000000              		mov eax,3
    98 00000056 CD80                    		int 0x80
    99                                  		
   100 00000058 B9[62000000]            		mov ecx,msj2
   101 0000005D BA0D000000              		mov edx,len2
   102 00000062 BB01000000              		mov ebx,1
   103 00000067 B804000000              		mov eax,4
   104 0000006C CD80                    		int 0x80
   105                                  	
   106 0000006E B9[0B000000]            		mov ecx,y
   107 00000073 BA02000000              		mov edx,ylen
   108 00000078 BB00000000              		mov ebx,0
   109 0000007D B803000000              		mov eax,3
   110 00000082 CD80                    		int 0x80
   111                                  		
   112 00000084 66A1[09000000]          		mov ax,[x]
   113 0000008A 6683E830                		sub ax,48
   114 0000008E 66A3[09000000]          		mov [x],ax
   115                                  		
   116 00000094 66A1[0B000000]          		mov ax,[y]
   117 0000009A 6683E830                		sub ax,48
   118 0000009E 66A3[0B000000]          		mov [y],ax
   119                                  		
   120                                  
   121                                  	localiza_punto:
   122                                  		;recibe un x,y
   123 000000A4 A0[0B000000]            		mov al,[y]
   124 000000A9 8A1D[39000000]          		mov bl,[ocho]
   125 000000AF F6E3                    		mul bl
   126 000000B1 0205[09000000]          		add al,[x]
   127 000000B7 A2[01000000]            		mov [punto],al
   128                                  		
   129                                  	par_o_impar:
   130 000000BC 66A1[01000000]          		mov ax,[punto] 
   131 000000C2 6683E001                		AND ax,1 
   132 000000C6 7502                    		jnz linea_horizontal 
   133 000000C8 EB20                    		jmp linea_vertical 
   134                                  	
   135                                  
   136                                  	linea_horizontal:
   137 000000CA E8B5000000              		call verifica_punto
   138 000000CF B02D                    		mov al,45
   139 000000D1 8B35[01000000]          		mov esi,[punto]
   140 000000D7 8886[00000000]          		mov [arreglo+esi],al
   141 000000DD 8B35[3D000000]          		mov esi,[siete]
   142 000000E3 EB25                    		jmp verifica_letra
   143 000000E5 E916FFFFFF              		jmp _start
   144                                  	
   145                                  	linea_vertical:
   146 000000EA E895000000              		call verifica_punto
   147 000000EF B07C                    		mov al,124
   148 000000F1 8B35[01000000]          		mov esi,[punto]
   149 000000F7 8886[00000000]          		mov [arreglo+esi],al
   150 000000FD 8B35[3D000000]          		mov esi,[siete]
   151 00000103 EB05                    		jmp verifica_letra
   152 00000105 E9F6FEFFFF              		jmp _start
   153                                  		
   154                                  	
   155                                  		
   156                                  		
   157                                  		
   158                                  ;-----------------------------------------------------------------------	
   159                                  	
   160                                  	
   161                                  	verifica_letra:
   162 0000010A 83FE39                  		cmp esi,len
   163 0000010D 0F87EDFEFFFF            		ja _start
   164 00000113 0F84E7FEFFFF            		je _start
   165                                  
   166 00000119 83C602                  		add esi,2
   167                                  		
   168 0000011C 8A86[00000000]          		mov al,[arreglo+esi]
   169 00000122 8A1D[41000000]          		mov bl,[letra]
   170                                  
   171 00000128 3C0A                    		cmp al,10
   172 0000012A 74DE                    		je verifica_letra
   173                                  		
   174 0000012C 38D8                    		cmp al,bl
   175 0000012E 7407                    		je suma_ocho
   176                                  
   177 00000130 E807000000              		call verifica_cuadro
   178 00000135 EBD3                    		jmp verifica_letra
   179                                  		
   180                                  		
   181                                  	suma_ocho:
   182 00000137 83C608                  		add esi,8
   183 0000013A EBCE                    		jmp verifica_letra
   184                                  		
   185                                  	verifica_cuadro:
   186                                  
   187                                  		
   188 0000013C 89F7                    		mov edi,esi
   189 0000013E 83EF08                  		sub edi,8
   190 00000141 8A87[00000000]          		mov al,[arreglo+edi]
   191 00000147 3C20                    		cmp al,32
   192 00000149 74BF                    		je verifica_letra
   193                                  
   194 0000014B 89F7                    		mov edi,esi
   195 0000014D 83C701                  		add edi,1
   196 00000150 8A87[00000000]          		mov al,[arreglo+edi]
   197 00000156 3C20                    		cmp al,32
   198 00000158 74B0                    		je verifica_letra
   199                                  
   200 0000015A 89F7                    		mov edi,esi
   201 0000015C 83EF01                  		sub edi,1
   202 0000015F 8A87[00000000]          		mov al,[arreglo+edi]
   203 00000165 3C20                    		cmp al,32
   204 00000167 74A1                    		je verifica_letra
   205                                  			
   206 00000169 89F7                    		mov edi,esi
   207 0000016B 83C708                  		add edi,8
   208 0000016E 8A87[00000000]          		mov al,[arreglo+edi]
   209 00000174 3C20                    		cmp al,32
   210 00000176 7492                    		je verifica_letra
   211                                  		
   212 00000178 A0[41000000]            		mov al,[letra]
   213 0000017D 8886[00000000]          		mov [arreglo+esi],al
   214                                  		
   215 00000183 C3                      		ret
   216                                  				
   217                                  	verifica_punto:
   218                                  		
   219 00000184 8B35[01000000]          		mov esi,[punto]
   220                                  		
   221 0000018A 8A86[00000000]          		mov al,[arreglo+esi]
   222 00000190 3A05[51000000]          		cmp al,[cuarentaseis]
   223 00000196 7438                    		je imprime_error2
   224                                  		
   225 00000198 8A86[00000000]          		mov al,[arreglo+esi]
   226 0000019E 3A05[4D000000]          		cmp al,[cienveinticuatro]
   227 000001A4 740F                    		je imprime_error1
   228                                  		
   229 000001A6 8A86[00000000]          		mov al,[arreglo+esi]
   230 000001AC 3A05[49000000]          		cmp al,[cuarentacinco]
   231 000001B2 7401                    		je imprime_error1
   232                                  		
   233 000001B4 C3                      		ret
   234                                  		
   235                                  	imprime_error1:
   236                                  	
   237 000001B5 B9[6F000000]            		mov ecx,Error1
   238 000001BA BA21000000              		mov edx,Error1len
   239 000001BF BB01000000              		mov ebx,1
   240 000001C4 B804000000              		mov eax,4
   241 000001C9 CD80                    		int 0x80	
   242 000001CB E85CFEFFFF              		call solicita_punto
   243                                  		
   244                                  	imprime_error2:
   245                                  	
   246 000001D0 B9[90000000]            		mov ecx,Error2
   247 000001D5 BA2E000000              		mov edx,Error2len
   248 000001DA BB01000000              		mov ebx,1
   249 000001DF B804000000              		mov eax,4
   250 000001E4 CD80                    		int 0x80	
   251 000001E6 E841FEFFFF              		call solicita_punto
   252                                  
   253                                  	
   254                                  
