     1                                  Section .data
     2                                  ;42=punto
     3                                  ;45=linea horizontal
     4                                  ;32=espacio
     5                                  ;124=linea vertical
     6 00000000 2E202E202E202E202E-     	arreglo3 db 46,32,46,32,46,32,46,32,46,32,46,32,46,32,46,10,
     7 00000009 202E202E202E0A     
     8 00000010 202020202020202020-     			db 32,32,32,32,32,32,32,32,32,32,32,32,32,32,32,10,
     9 00000019 2020202020200A     
    10 00000020 2E202E202E202E202E-     			db 46,32,46,32,46,32,46,32,46,32,46,32,46,32,46,10,
    11 00000029 202E202E202E0A     
    12 00000030 202020202020202020-     			db 32,32,32,32,32,32,32,32,32,32,32,32,32,32,32,10,
    13 00000039 2020202020200A     
    14 00000040 2E202E202E202E202E-     			db 46,32,46,32,46,32,46,32,46,32,46,32,46,32,46,10,
    15 00000049 202E202E202E0A     
    16 00000050 202020202020202020-     			db 32,32,32,32,32,32,32,32,32,32,32,32,32,32,32,10,
    17 00000059 2020202020200A     
    18 00000060 2E202E202E202E202E-     			db 46,32,46,32,46,32,46,32,46,32,46,32,46,32,46,10,
    19 00000069 202E202E202E0A     
    20 00000070 202020202020202020-     			db 32,32,32,32,32,32,32,32,32,32,32,32,32,32,32,10,
    21 00000079 2020202020200A     
    22 00000080 2E202E202E202E202E-     			db 46,32,46,32,46,32,46,32,46,32,46,32,46,32,46,10,
    23 00000089 202E202E202E0A     
    24 00000090 202020202020202020-     			db 32,32,32,32,32,32,32,32,32,32,32,32,32,32,32,10,
    25 00000099 2020202020200A     
    26 000000A0 2E202E202E202E202E-     			db 46,32,46,32,46,32,46,32,46,32,46,32,46,32,46,10,
    27 000000A9 202E202E202E0A     
    28 000000B0 202020202020202020-     			db 32,32,32,32,32,32,32,32,32,32,32,32,32,32,32,10,
    29 000000B9 2020202020200A     
    30 000000C0 2E202E202E202E202E-     			db 46,32,46,32,46,32,46,32,46,32,46,32,46,32,46,10,
    31 000000C9 202E202E202E0A     
    32 000000D0 202020202020202020-     			db 32,32,32,32,32,32,32,32,32,32,32,32,32,32,32,10,
    33 000000D9 2020202020200A     
    34 000000E0 2E202E202E202E202E-     			db 46,32,46,32,46,32,46,32,46,32,46,32,46,32,46,10,10;
    35 000000E9 202E202E202E0A0A   
    36                                  			
    37                                  	
    38                                  	len3: equ $-arreglo3
    39                                  	
    40 000000F1 2D000000                	cuarentacinco dd 45
    41 000000F5 7C000000                	cienveinticuatro dd 124
    42 000000F9 2E000000                	cuarentaseis dd 46
    43 000000FD 10000000                	dieciseis dd 16
    44 00000101 0F000000                	quince dd 15
    45 00000105 4C000000                	letra dd 76
    46 00000109 20000000                	treintaydos dd 32
    47                                  
    48                                  	
    49 0000010D 646967697465207375-     	msj1 db "digite su x: "
    50 00000116 20783A20           
    51                                  	msjlen1 equ $-msj1
    52                                  	
    53 0000011A 646967697465207375-     	msj2 db "digite su y: "
    54 00000123 20793A20           
    55                                  	msjlen2 equ $-msj2
    56                                  	
    57 00000127 456E20657365206573-     	Error1 db "En ese espacio ya hay una raya. ",10
    58 00000130 706163696F20796120-
    59 00000139 68617920756E612072-
    60 00000142 6179612E200A       
    61                                  	Error1len equ $-Error1
    62                                  	
    63 00000148 456E20657365206573-     	Error2 db "En ese espacio no se puede dibujar una raya. ",10
    64 00000151 706163696F206E6F20-
    65 0000015A 736520707565646520-
    66 00000163 646962756A61722075-
    67 0000016C 6E6120726179612E20-
    68 00000175 0A                 
    69                                  	Error2len equ $-Error2
    70                                  	
    71                                  	
    72                                  
    73                                  Section .bss
    74                                  	
    75 00000000 <res 00000001>          	res resb 1
    76 00000001 <res 00000008>          	punto resd 2
    77 00000009 <res 00000004>          	x resb 4
    78 0000000D <res 00000004>          	y resb 4
    79                                  	xlen equ 4
    80                                  	ylen equ 4
    81                                  
    82                                  	
    83                                  
    84                                  Section .text
    85                                  	global _start
    86                                  	
    87                                  	_start:
    88                                  
    89                                  			
    90 00000000 BF00000000              	mov edi,0
    91                                  		
    92                                  	Imprime_matriz3:
    93                                  		
    94 00000005 8A87[00000000]          		mov al,[arreglo3+edi]
    95 0000000B A2[00000000]            		mov [res],al
    96 00000010 BA01000000              		mov edx,1
    97 00000015 B9[00000000]            		mov ecx,res
    98                                  		
    99 0000001A BB01000000              		mov ebx,1
   100 0000001F B804000000              		mov eax,4
   101 00000024 CD80                    		int 0x80
   102                                  		
   103 00000026 47                      		inc edi
   104 00000027 81FFF1000000            		cmp edi,len3
   105 0000002D 75D6                    		jne Imprime_matriz3
   106                                  	
   107                                  	
   108                                  	solicita3_X:
   109                                  	
   110 0000002F B9[0D010000]            		mov ecx,msj1
   111 00000034 BA0D000000              		mov edx,msjlen1
   112 00000039 BB01000000              		mov ebx,1
   113 0000003E B804000000              		mov eax,4
   114 00000043 CD80                    		int 0x80
   115                                  		
   116 00000045 B9[09000000]            		mov ecx,x
   117 0000004A BA04000000              		mov edx,xlen
   118 0000004F BB00000000              		mov ebx,0
   119 00000054 B803000000              		mov eax,3
   120 00000059 CD80                    		int 0x80
   121                                  		
   122 0000005B A0[0A000000]            		mov al,[x+1]
   123 00000060 3C0A                    		cmp al,10
   124 00000062 7414                    		je Ingresa3_normalX
   125 00000064 B00A                    		mov al,10
   126 00000066 8A1D[0A000000]          		mov bl,[x+1]
   127 0000006C 80EB30                  		sub bl,48
   128 0000006F 00D8                    		add al,bl
   129 00000071 A2[09000000]            		mov [x],al
   130 00000076 EB0C                    		jmp solicita3_Y
   131                                  		
   132                                  	Ingresa3_normalX:
   133 00000078 A0[09000000]            		mov al,[x]
   134 0000007D 2C30                    		sub al,48
   135 0000007F A2[09000000]            		mov [x],al
   136                                  	
   137                                  	solicita3_Y:
   138 00000084 B9[1A010000]            		mov ecx,msj2
   139 00000089 BA0D000000              		mov edx,msjlen2
   140 0000008E BB01000000              		mov ebx,1
   141 00000093 B804000000              		mov eax,4
   142 00000098 CD80                    		int 0x80
   143                                  	
   144 0000009A B9[0D000000]            		mov ecx,y
   145 0000009F BA04000000              		mov edx,ylen
   146 000000A4 BB00000000              		mov ebx,0
   147 000000A9 B803000000              		mov eax,3
   148 000000AE CD80                    		int 0x80
   149                                  		
   150 000000B0 A0[0E000000]            		mov al,[y+1]
   151 000000B5 3C0A                    		cmp al,10
   152 000000B7 7414                    		je Ingresa3_normalY
   153 000000B9 B00A                    		mov al,10
   154 000000BB 8A1D[0E000000]          		mov bl,[y+1]
   155 000000C1 80EB30                  		sub bl,48
   156 000000C4 00D8                    		add al,bl
   157 000000C6 A2[0D000000]            		mov [y],al
   158 000000CB EB0C                    		jmp localiza_punto3
   159                                  	
   160                                  	Ingresa3_normalY:
   161 000000CD A0[0D000000]            		mov al,[y]
   162 000000D2 2C30                    		sub al,48
   163 000000D4 A2[0D000000]            		mov [y],al
   164                                  
   165                                  	localiza_punto3:
   166                                  		;recibe un x,y
   167 000000D9 A0[0D000000]            		mov al,[y]
   168 000000DE 8A1D[FD000000]          		mov bl,[dieciseis]
   169 000000E4 F6E3                    		mul bl
   170 000000E6 0205[09000000]          		add al,[x]
   171 000000EC A2[01000000]            		mov [punto],al
   172                                  
   173                                  
   174                                  		
   175                                  	par_o_impar3:
   176 000000F1 66A1[01000000]          		mov ax,[punto] 
   177 000000F7 6683E001                		AND ax,1 
   178 000000FB 7502                    		jnz linea_horizontal3
   179 000000FD EB20                    		jmp linea_vertical3
   180                                  	
   181                                  
   182                                  	linea_horizontal3:
   183 000000FF E8B8000000              		call verifica_punto3
   184 00000104 B02D                    		mov al,45
   185 00000106 8B35[01000000]          		mov esi,[punto]
   186 0000010C 8886[00000000]          		mov [arreglo3+esi],al
   187 00000112 8B35[01010000]          		mov esi,[quince]
   188 00000118 EB25                    		jmp verifica_letra3
   189 0000011A E9E1FEFFFF              		jmp _start
   190                                  	
   191                                  	linea_vertical3:
   192 0000011F E898000000              		call verifica_punto3
   193 00000124 B07C                    		mov al,124
   194 00000126 8B35[01000000]          		mov esi,[punto]
   195 0000012C 8886[00000000]          		mov [arreglo3+esi],al
   196 00000132 8B35[01010000]          		mov esi,[quince]
   197 00000138 EB05                    		jmp verifica_letra3
   198 0000013A E9C1FEFFFF              		jmp _start
   199                                  		
   200                                  	
   201                                  		
   202                                  ;-----------------------------------------------------------------------	
   203                                  	
   204                                  	
   205                                  	verifica_letra3:
   206 0000013F 81FEE0000000            		cmp esi,224
   207 00000145 0F87B5FEFFFF            		ja _start
   208 0000014B 0F84AFFEFFFF            		je _start
   209                                  
   210 00000151 83C602                  		add esi,2
   211                                  		
   212 00000154 8A86[00000000]          		mov al,[arreglo3+esi]
   213 0000015A 8A1D[05010000]          		mov bl,[letra]
   214                                  
   215 00000160 3C0A                    		cmp al,10
   216 00000162 74DB                    		je verifica_letra3
   217                                  		
   218 00000164 38D8                    		cmp al,bl
   219 00000166 7407                    		je suma_dieciseis
   220                                  
   221 00000168 E807000000              		call verifica_cuadro3
   222 0000016D EBD0                    		jmp verifica_letra3
   223                                  		
   224                                  		
   225                                  	suma_dieciseis:
   226 0000016F 83C610                  		add esi,16
   227 00000172 EBCB                    		jmp verifica_letra3
   228                                  		
   229                                  	verifica_cuadro3:
   230                                  
   231 00000174 89F7                    		mov edi,esi
   232 00000176 83EF10                  		sub edi,16
   233 00000179 8A87[00000000]          		mov al,[arreglo3+edi]
   234 0000017F 3C20                    		cmp al,32
   235 00000181 74BC                    		je verifica_letra3
   236                                  
   237 00000183 89F7                    		mov edi,esi
   238 00000185 83C701                  		add edi,1
   239 00000188 8A87[00000000]          		mov al,[arreglo3+edi]
   240 0000018E 3C20                    		cmp al,32
   241 00000190 74AD                    		je verifica_letra3
   242                                  
   243 00000192 89F7                    		mov edi,esi
   244 00000194 83EF01                  		sub edi,1
   245 00000197 8A87[00000000]          		mov al,[arreglo3+edi]
   246 0000019D 3C20                    		cmp al,32
   247 0000019F 749E                    		je verifica_letra3
   248                                  			
   249 000001A1 89F7                    		mov edi,esi
   250 000001A3 83C710                  		add edi,16
   251 000001A6 8A87[00000000]          		mov al,[arreglo3+edi]
   252 000001AC 3C20                    		cmp al,32
   253 000001AE 748F                    		je verifica_letra3
   254                                  			
   255 000001B0 A0[05010000]            		mov al,[letra]
   256 000001B5 8886[00000000]          		mov [arreglo3+esi],al
   257                                  
   258 000001BB C3                      		ret
   259                                  		
   260                                  	verifica_punto3:
   261                                  		
   262 000001BC 8B35[01000000]          		mov esi,[punto]
   263                                  		
   264 000001C2 8A86[00000000]          		mov al,[arreglo3+esi]
   265 000001C8 3A05[F9000000]          		cmp al,[cuarentaseis]
   266 000001CE 7438                    		je imprime3_error2
   267                                  		
   268 000001D0 8A86[00000000]          		mov al,[arreglo3+esi]
   269 000001D6 3A05[F5000000]          		cmp al,[cienveinticuatro]
   270 000001DC 740F                    		je imprime3_error1
   271                                  		
   272 000001DE 8A86[00000000]          		mov al,[arreglo3+esi]
   273 000001E4 3A05[F1000000]          		cmp al,[cuarentacinco]
   274 000001EA 7401                    		je imprime3_error1
   275                                  		
   276 000001EC C3                      		ret
   277                                  		
   278                                  	imprime3_error1:
   279                                  	
   280 000001ED B9[27010000]            		mov ecx,Error1
   281 000001F2 BA21000000              		mov edx,Error1len
   282 000001F7 BB01000000              		mov ebx,1
   283 000001FC B804000000              		mov eax,4
   284 00000201 CD80                    		int 0x80	
   285 00000203 E827FEFFFF              		call solicita3_X
   286                                  		
   287                                  	imprime3_error2:
   288                                  	
   289 00000208 B9[48010000]            		mov ecx,Error2
   290 0000020D BA2E000000              		mov edx,Error2len
   291 00000212 BB01000000              		mov ebx,1
   292 00000217 B804000000              		mov eax,4
   293 0000021C CD80                    		int 0x80	
   294 0000021E E80CFEFFFF              		call solicita3_X
